<?xml version="1.0" encoding="UTF-8"?>
<testsuite name="CourseCollectionsTest" tests="1" skipped="0" failures="0" errors="0" timestamp="2021-02-22T20:17:14" hostname="DESKTOP-JVFQ71N" time="0.073">
  <properties/>
  <testcase name="shouldAddAStudent()" classname="CourseCollectionsTest" time="0.073"/>
  <system-out><![CDATA[]]></system-out>
  <system-err><![CDATA[]]></system-err>
</testsuite>
